<?xml version="1.0" encoding="UTF-8"?>
<robot generator="Robot 4.1.3 (Python 3.10.2 on win32)" generated="20220309 21:05:01.997" rpa="false" schemaversion="2">
<suite id="s1" name="Radiobutton" source="D:\demorobot\radiobutton.robot">
<test id="s1-t1" name="Klik Radio Button &quot;Impressive&quot;">
<kw name="Open Browser" library="SeleniumLibrary" type="SETUP">
<arg>${webURL}</arg>
<arg>${BROWSERS}</arg>
<doc>Opens a new browser instance to the optional ``url``.</doc>
<msg timestamp="20220309 21:05:02.209" level="INFO">Opening browser 'chrome' to base url 'https://demoqa.com/radio-button'.</msg>
<status status="PASS" starttime="20220309 21:05:02.209" endtime="20220309 21:05:10.210"/>
</kw>
<kw name="Maximize Browser Window" library="SeleniumLibrary">
<doc>Maximizes current browser window.</doc>
<status status="PASS" starttime="20220309 21:05:10.210" endtime="20220309 21:05:10.353"/>
</kw>
<kw name="Click Element" library="SeleniumLibrary">
<arg>//*[@for="impressiveRadio"]</arg>
<doc>Click the element identified by ``locator``.</doc>
<msg timestamp="20220309 21:05:10.354" level="INFO">Clicking element '//*[@for="impressiveRadio"]'.</msg>
<status status="PASS" starttime="20220309 21:05:10.354" endtime="20220309 21:05:10.411"/>
</kw>
<kw name="Element Should Be Visible" library="SeleniumLibrary">
<arg>//span[@class="text-success"]</arg>
<doc>Verifies that the element identified by ``locator`` is visible.</doc>
<msg timestamp="20220309 21:05:10.440" level="INFO">Element '//span[@class="text-success"]' is displayed.</msg>
<status status="PASS" starttime="20220309 21:05:10.413" endtime="20220309 21:05:10.440"/>
</kw>
<kw name="Element Should Contain" library="SeleniumLibrary">
<arg>//span[@class="text-success"]</arg>
<arg>Impressive</arg>
<doc>Verifies that element ``locator`` contains text ``expected``.</doc>
<msg timestamp="20220309 21:05:10.463" level="INFO">Element '//span[@class="text-success"]' contains text 'Impressive'.</msg>
<status status="PASS" starttime="20220309 21:05:10.440" endtime="20220309 21:05:10.463"/>
</kw>
<kw name="Sleep" library="BuiltIn">
<arg>2s</arg>
<doc>Pauses the test executed for the given time.</doc>
<msg timestamp="20220309 21:05:12.468" level="INFO">Slept 2 seconds</msg>
<status status="PASS" starttime="20220309 21:05:10.463" endtime="20220309 21:05:12.468"/>
</kw>
<kw name="Close Browser" library="SeleniumLibrary" type="TEARDOWN">
<doc>Closes the current browser.</doc>
<status status="PASS" starttime="20220309 21:05:12.468" endtime="20220309 21:05:15.240"/>
</kw>
<status status="PASS" starttime="20220309 21:05:02.207" endtime="20220309 21:05:15.240"/>
</test>
<status status="PASS" starttime="20220309 21:05:02.000" endtime="20220309 21:05:15.242"/>
</suite>
<statistics>
<total>
<stat pass="1" fail="0" skip="0">All Tests</stat>
</total>
<tag>
</tag>
<suite>
<stat pass="1" fail="0" skip="0" id="s1" name="Radiobutton">Radiobutton</stat>
</suite>
</statistics>
<errors>
</errors>
</robot>
